Flow report for shift_reg
Thu Nov 15 20:59:00 2012
Quartus II Version 11.0 Build 157 04/27/2011 SJ Web Edition


---------------------
; Table of Contents ;
---------------------
  1. Legal Notice
  2. Flow Summary
  3. Flow Settings
  4. Flow Non-Default Global Settings
  5. Flow Elapsed Time
  6. Flow OS Summary
  7. Flow Log



----------------
; Legal Notice ;
----------------
Copyright (C) 1991-2011 Altera Corporation
Your use of Altera Corporation's design tools, logic functions 
and other software and tools, and its AMPP partner logic 
functions, and any output files from any of the foregoing 
(including device programming or simulation files), and any 
associated documentation or information are expressly subject 
to the terms and conditions of the Altera Program License 
Subscription Agreement, Altera MegaCore Function License 
Agreement, or other applicable license agreement, including, 
without limitation, that your use is for the sole purpose of 
programming logic devices manufactured by Altera and sold by 
Altera or its authorized distributors.  Please refer to the 
applicable agreement for further details.



+-------------------------------------------------------------------------------+
; Flow Summary                                                                  ;
+------------------------------------+------------------------------------------+
; Flow Status                        ; Successful - Thu Nov 15 20:59:00 2012    ;
; Quartus II Version                 ; 11.0 Build 157 04/27/2011 SJ Web Edition ;
; Revision Name                      ; shift_reg                                ;
; Top-level Entity Name              ; shift_reg                                ;
; Family                             ; Cyclone III                              ;
; Device                             ; EP3C40Q240C8                             ;
; Timing Models                      ; Final                                    ;
; Total logic elements               ; 4 / 39,600 ( < 1 % )                     ;
;     Total combinational functions  ; 0 / 39,600 ( 0 % )                       ;
;     Dedicated logic registers      ; 4 / 39,600 ( < 1 % )                     ;
; Total registers                    ; 4                                        ;
; Total pins                         ; 8 / 129 ( 6 % )                          ;
; Total virtual pins                 ; 0                                        ;
; Total memory bits                  ; 0 / 1,161,216 ( 0 % )                    ;
; Embedded Multiplier 9-bit elements ; 0 / 252 ( 0 % )                          ;
; Total PLLs                         ; 0 / 4 ( 0 % )                            ;
+------------------------------------+------------------------------------------+


+-----------------------------------------+
; Flow Settings                           ;
+-------------------+---------------------+
; Option            ; Setting             ;
+-------------------+---------------------+
; Start date & time ; 11/15/2012 20:58:26 ;
; Main task         ; Compilation         ;
; Revision Name     ; shift_reg           ;
+-------------------+---------------------+


+-----------------------------------------------------------------------------------------------------------------+
; Flow Non-Default Global Settings                                                                                ;
+-------------------------------------+--------------------------------+---------------+-------------+------------+
; Assignment Name                     ; Value                          ; Default Value ; Entity Name ; Section Id ;
+-------------------------------------+--------------------------------+---------------+-------------+------------+
; COMPILER_SIGNATURE_ID               ; 57209031514551.135303470602312 ; --            ; --          ; --         ;
; MAX_CORE_JUNCTION_TEMP              ; 85                             ; --            ; --          ; --         ;
; MIN_CORE_JUNCTION_TEMP              ; 0                              ; --            ; --          ; --         ;
; NOMINAL_CORE_SUPPLY_VOLTAGE         ; 1.2V                           ; --            ; --          ; --         ;
; PARTITION_COLOR                     ; 16764057                       ; --            ; --          ; Top        ;
; PARTITION_FITTER_PRESERVATION_LEVEL ; PLACEMENT_AND_ROUTING          ; --            ; --          ; Top        ;
; PARTITION_NETLIST_TYPE              ; SOURCE                         ; --            ; --          ; Top        ;
+-------------------------------------+--------------------------------+---------------+-------------+------------+


+-------------------------------------------------------------------------------------------------------------------------------+
; Flow Elapsed Time                                                                                                             ;
+---------------------------+--------------+-------------------------+---------------------+------------------------------------+
; Module Name               ; Elapsed Time ; Average Processors Used ; Peak Virtual Memory ; Total CPU Time (on all processors) ;
+---------------------------+--------------+-------------------------+---------------------+------------------------------------+
; Analysis & Synthesis      ; 00:00:04     ; 1.0                     ; 263 MB              ; 00:00:03                           ;
; Fitter                    ; 00:00:17     ; 1.0                     ; 352 MB              ; 00:00:16                           ;
; TimeQuest Timing Analyzer ; 00:00:07     ; 1.0                     ; 255 MB              ; 00:00:05                           ;
; Assembler                 ; 00:00:08     ; 1.0                     ; 295 MB              ; 00:00:06                           ;
; Total                     ; 00:00:36     ; --                      ; --                  ; 00:00:30                           ;
+---------------------------+--------------+-------------------------+---------------------+------------------------------------+


+-----------------------------------------------------------------------------------------+
; Flow OS Summary                                                                         ;
+---------------------------+------------------+------------+------------+----------------+
; Module Name               ; Machine Hostname ; OS Name    ; OS Version ; Processor type ;
+---------------------------+------------------+------------+------------+----------------+
; Analysis & Synthesis      ; roderick-91801e  ; Windows XP ; 5.1        ; i1586          ;
; Fitter                    ; roderick-91801e  ; Windows XP ; 5.1        ; i1586          ;
; TimeQuest Timing Analyzer ; roderick-91801e  ; Windows XP ; 5.1        ; i1586          ;
; Assembler                 ; roderick-91801e  ; Windows XP ; 5.1        ; i1586          ;
+---------------------------+------------------+------------+------------+----------------+


------------
; Flow Log ;
------------
quartus_map --read_settings_files=on --write_settings_files=off shift_reg -c shift_reg
quartus_fit --read_settings_files=off --write_settings_files=off shift_reg -c shift_reg
quartus_sta shift_reg -c shift_reg
quartus_asm --read_settings_files=off --write_settings_files=off shift_reg -c shift_reg



